TLC2 Version 2.19 of 08 August 2024 (rev: 5a47802)
Warning: Please run the Java VM which executes TLC with a throughput optimized garbage collector by passing the "-XX:+UseParallelGC" property.
(Use the -nowarning option to disable this warning.)
Running Random Simulation with seed 6174148727790139558 with 50 workers on 72 cores with 30208MB heap and 64MB offheap memory [pid: 2868033] (Linux 6.12.69+deb13-cloud-amd64 amd64, Debian 21.0.10 x86_64).
Parsing file /home/alexandre.siret/Spec-EPaxos/CommitWithRecoverySpec/EPaxosCommitWithRecovery.tla
Parsing file /tmp/Naturals.tla
Parsing file /tmp/FiniteSets.tla
Parsing file /tmp/Sequences.tla
Parsing file /tmp/TLC.tla
Semantic processing of module Naturals
Semantic processing of module Sequences
Semantic processing of module FiniteSets
Semantic processing of module TLC
Semantic processing of module EPaxosCommitWithRecovery
Starting... (2026-03-05 14:35:33)
Computed 1 initial states...
Progress: 13221934 states checked.
Progress: 26972042 states checked.
Progress: 40753244 states checked.
Progress: 54527153 states checked.
Progress: 68305492 states checked.
Progress: 82069303 states checked.
Progress: 95825441 states checked.
Progress: 109580370 states checked.
Progress: 123324265 states checked.
Progress: 137084066 states checked.
Progress: 150846827 states checked.
Progress: 164621597 states checked.
Progress: 178372645 states checked.
Progress: 192137256 states checked.
Progress: 205884169 states checked.
Progress: 219624502 states checked.
Progress: 233371797 states checked.
Progress: 247114846 states checked.
Progress: 260868823 states checked.
Progress: 274654253 states checked.
Progress: 288451405 states checked.
Progress: 302232999 states checked.
Progress: 315998499 states checked.
Progress: 329747372 states checked.
Progress: 343510237 states checked.
Progress: 357314384 states checked.
Progress: 371194466 states checked.
Progress: 385077420 states checked.
Progress: 398959618 states checked.
Progress: 412796195 states checked.
Progress: 426607379 states checked.
Progress: 440415929 states checked.
Progress: 454296025 states checked.
Progress: 468153401 states checked.
Progress: 482026500 states checked.
Progress: 495896533 states checked.
Progress: 509735792 states checked.
Progress: 523612093 states checked.
Progress: 537463206 states checked.
Progress: 551316031 states checked.
Progress: 565197934 states checked.
Progress: 579041405 states checked.
Progress: 592889334 states checked.
Progress: 606725218 states checked.
Progress: 620570925 states checked.
Progress: 634402383 states checked.
Progress: 648230005 states checked.
Progress: 662069007 states checked.
Progress: 675899497 states checked.
Progress: 689779865 states checked.
Progress: 703662880 states checked.
Progress: 717507726 states checked.
Progress: 731395856 states checked.
Progress: 745277450 states checked.
Progress: 759140668 states checked.
Progress: 772982824 states checked.
Progress: 786831804 states checked.
Progress: 800700868 states checked.
Progress: 814534369 states checked.
Progress: 828402795 states checked.
Progress: 842296010 states checked.
Progress: 856179965 states checked.
Progress: 870078824 states checked.
Progress: 883971238 states checked.
Progress: 897798978 states checked.
Progress: 911640311 states checked.
Progress: 925495777 states checked.
Progress: 939309494 states checked.
Progress: 953218150 states checked.
Progress: 967119093 states checked.
Progress: 981019700 states checked.
Progress: 994922198 states checked.
Progress: 1008827190 states checked.
Progress: 1022736104 states checked.
Progress: 1036633869 states checked.
Progress: 1050523494 states checked.
Progress: 1064445606 states checked.
Progress: 1078381594 states checked.
Progress: 1092316054 states checked.
Progress: 1106261931 states checked.
Progress: 1120187968 states checked.
Progress: 1134078192 states checked.
Progress: 1148036545 states checked.
Progress: 1161968031 states checked.
Progress: 1175905952 states checked.
Progress: 1189847618 states checked.
Progress: 1203795991 states checked.
Progress: 1217706813 states checked.
Progress: 1231613164 states checked.
Progress: 1245549011 states checked.
Progress: 1259496209 states checked.
Progress: 1273442540 states checked.
Progress: 1287376956 states checked.
Progress: 1301341979 states checked.
Progress: 1315305594 states checked.
Progress: 1329278221 states checked.
Progress: 1343219965 states checked.
Progress: 1357174150 states checked.
Progress: 1371130203 states checked.
Progress: 1385074262 states checked.
Progress: 1399000708 states checked.
Progress: 1412929210 states checked.
Progress: 1426896472 states checked.
Progress: 1440852792 states checked.
Progress: 1454825467 states checked.
Progress: 1468781292 states checked.
Progress: 1482742754 states checked.
Progress: 1496711326 states checked.
Progress: 1510696368 states checked.
Progress: 1524677287 states checked.
Progress: 1538675046 states checked.
Progress: 1552676510 states checked.
Progress: 1566670160 states checked.
Progress: 1580671661 states checked.
Progress: 1594676233 states checked.
Progress: 1608686899 states checked.
Progress: 1622685938 states checked.
Progress: 1636678240 states checked.
Progress: 1650684981 states checked.
Progress: 1664709349 states checked.
Progress: 1678714730 states checked.
Progress: 1692728256 states checked.
Progress: 1706749807 states checked.
Progress: 1720752074 states checked.
Progress: 1734782421 states checked.
Progress: 1748813648 states checked.
Progress: 1762829555 states checked.
Progress: 1776851529 states checked.
Progress: 1790847366 states checked.
Progress: 1804872049 states checked.
Progress: 1818882477 states checked.
Progress: 1832903297 states checked.
Progress: 1846917517 states checked.
Progress: 1860942073 states checked.
Progress: 1874974839 states checked.
Progress: 1889000246 states checked.
Progress: 1903026196 states checked.
Progress: 1917035077 states checked.
Progress: 1931059020 states checked.
Progress: 1945074858 states checked.
Progress: 1959098612 states checked.
Progress: 1973108955 states checked.
Progress: 1987129032 states checked.
Progress: 2001135097 states checked.
Progress: 2015144570 states checked.
Progress: 2029174838 states checked.
Progress: 2043208076 states checked.
Progress: 2057233668 states checked.
Progress: 2071229372 states checked.
Progress: 2085240024 states checked.
Progress: 2099258530 states checked.
Progress: 2113306370 states checked.
Progress: 2127355331 states checked.
Progress: 2141414004 states checked.
Progress: 2155453420 states checked.
Progress: 2169491502 states checked.
Progress: 2183530613 states checked.
Progress: 2197566520 states checked.
Progress: 2211588765 states checked.
Progress: 2225605755 states checked.
Progress: 2239615926 states checked.
Progress: 2253605824 states checked.
Progress: 2267623904 states checked.
Progress: 2281633283 states checked.
Progress: 2295664550 states checked.
Progress: 2309671615 states checked.
Progress: 2323685622 states checked.
Progress: 2337672490 states checked.
Progress: 2351604838 states checked.
Progress: 2365535537 states checked.
Progress: 2379454426 states checked.
Progress: 2393382418 states checked.
Progress: 2407317363 states checked.
Progress: 2421250454 states checked.
Progress: 2435182501 states checked.
Progress: 2449085749 states checked.
Progress: 2462970527 states checked.
Progress: 2476866489 states checked.
Progress: 2490767897 states checked.
Progress: 2504658837 states checked.
Progress: 2518566031 states checked.
Progress: 2532445584 states checked.
Progress: 2546342355 states checked.
Progress: 2560230002 states checked.
Progress: 2574147993 states checked.
Progress: 2588056071 states checked.
Progress: 2601963067 states checked.
Progress: 2615863472 states checked.
Progress: 2629779953 states checked.
Progress: 2643687012 states checked.
Progress: 2657597395 states checked.
Progress: 2671514931 states checked.
Progress: 2685434415 states checked.
Progress: 2699354242 states checked.
Progress: 2713271706 states checked.
Progress: 2727183908 states checked.
Progress: 2741105061 states checked.
Progress: 2755021151 states checked.
Progress: 2768906059 states checked.
Progress: 2782795504 states checked.
Progress: 2796701980 states checked.
Progress: 2810590203 states checked.
Progress: 2824510141 states checked.
Progress: 2838430159 states checked.
Progress: 2852342354 states checked.
Progress: 2866238879 states checked.
Progress: 2880157020 states checked.
Progress: 2894049403 states checked.
Progress: 2907958707 states checked.
Progress: 2921848133 states checked.
Progress: 2935732316 states checked.
Progress: 2949598899 states checked.
Progress: 2963497476 states checked.
Progress: 2977380459 states checked.
Progress: 2991285310 states checked.
Progress: 3005186619 states checked.
Progress: 3019081576 states checked.
Progress: 3032981734 states checked.
Progress: 3046888317 states checked.
Progress: 3060799929 states checked.
Progress: 3074700996 states checked.
Progress: 3088607725 states checked.
Progress: 3102512135 states checked.
Progress: 3116438532 states checked.
Progress: 3130360529 states checked.
Progress: 3144265382 states checked.
Progress: 3158186398 states checked.
Progress: 3172096996 states checked.
Progress: 3186011280 states checked.
Progress: 3199910373 states checked.
Progress: 3213830446 states checked.
Progress: 3227762418 states checked.
Progress: 3241674218 states checked.
Progress: 3255578830 states checked.
Progress: 3269496122 states checked.
Progress: 3283412369 states checked.
Progress: 3297322632 states checked.
Progress: 3311225138 states checked.
Progress: 3325137787 states checked.
Progress: 3339050476 states checked.
Progress: 3352961393 states checked.
Progress: 3366876242 states checked.
Progress: 3380782014 states checked.
Progress: 3394686853 states checked.
Progress: 3408603200 states checked.
Progress: 3422509308 states checked.
Progress: 3436384560 states checked.
Progress: 3450257594 states checked.
Progress: 3464156842 states checked.
Progress: 3478050538 states checked.
Progress: 3491957292 states checked.
Progress: 3505881498 states checked.
Progress: 3519805540 states checked.
Progress: 3533716601 states checked.
Progress: 3547613292 states checked.
Progress: 3561518114 states checked.
Progress: 3575410948 states checked.
Progress: 3589311175 states checked.
Progress: 3603222834 states checked.
Progress: 3617144811 states checked.
Progress: 3631063144 states checked.
Progress: 3644975776 states checked.
Progress: 3658886530 states checked.
Progress: 3672784044 states checked.
Progress: 3686686594 states checked.
Progress: 3700606831 states checked.
Progress: 3714537899 states checked.
Progress: 3728460570 states checked.
Progress: 3742386606 states checked.
Progress: 3756324130 states checked.
Progress: 3770263823 states checked.
Progress: 3784177667 states checked.
Progress: 3798093853 states checked.
Progress: 3812023032 states checked.
Progress: 3825946334 states checked.
Progress: 3839871964 states checked.
Progress: 3853776245 states checked.
Progress: 3867689272 states checked.
Progress: 3881588195 states checked.
Progress: 3895510748 states checked.
Progress: 3909438853 states checked.
Progress: 3923345354 states checked.
Progress: 3937260440 states checked.
Progress: 3951180214 states checked.
Progress: 3965094556 states checked.
Progress: 3979007494 states checked.
Progress: 3992939662 states checked.
Progress: 4006861672 states checked.
Progress: 4020753581 states checked.
Progress: 4034675238 states checked.
Progress: 4048593066 states checked.
Progress: 4062518554 states checked.
Progress: 4076431620 states checked.
Progress: 4090347211 states checked.
Progress: 4104261908 states checked.
Progress: 4118177852 states checked.
Progress: 4132088991 states checked.
Progress: 4146013632 states checked.
Progress: 4159936616 states checked.
Progress: 4173865453 states checked.
Progress: 4187810165 states checked.
Progress: 4201725897 states checked.
Progress: 4215636349 states checked.
Progress: 4229540667 states checked.
Progress: 4243450052 states checked.
Progress: 4257363374 states checked.
Progress: 4271268911 states checked.
Progress: 4285180491 states checked.
Progress: 4299079204 states checked.
Progress: 4312993859 states checked.
Progress: 4326891520 states checked.
Progress: 4340804922 states checked.
Progress: 4354716829 states checked.
Progress: 4368640307 states checked.
Progress: 4382548893 states checked.
Progress: 4396477188 states checked.
Progress: 4410422040 states checked.
Progress: 4424354284 states checked.
Progress: 4438285771 states checked.
Progress: 4452199812 states checked.
Progress: 4466105755 states checked.
Progress: 4480012236 states checked.
Progress: 4493941675 states checked.
Progress: 4507861186 states checked.
Progress: 4521789903 states checked.
Progress: 4535709611 states checked.
Progress: 4549638262 states checked.
Progress: 4563555856 states checked.
Progress: 4577458815 states checked.
Progress: 4591376131 states checked.
Progress: 4605305258 states checked.
Progress: 4619249723 states checked.
Progress: 4633192466 states checked.
Progress: 4647108276 states checked.
Progress: 4661030288 states checked.
Progress: 4674957189 states checked.
Progress: 4688882615 states checked.
Progress: 4702806645 states checked.
Progress: 4716711095 states checked.
Progress: 4730613793 states checked.
Progress: 4744524901 states checked.
Progress: 4758443868 states checked.
Progress: 4772377875 states checked.
Progress: 4786300813 states checked.
Progress: 4800220533 states checked.
Progress: 4814142178 states checked.
Progress: 4828051415 states checked.
Progress: 4841958209 states checked.
Progress: 4855895091 states checked.
Progress: 4869834178 states checked.
Progress: 4883753699 states checked.
Progress: 4897686447 states checked.
Progress: 4911625372 states checked.
Progress: 4925553466 states checked.
Progress: 4939477502 states checked.
Progress: 4953390608 states checked.
Progress: 4967309536 states checked.
Progress: 4981230391 states checked.
Progress: 4995149352 states checked.
Progress: 5009078017 states checked.
Progress: 5022999867 states checked.
Progress: 5036915323 states checked.
Progress: 5050836690 states checked.
Progress: 5064753534 states checked.
Progress: 5078674024 states checked.
Progress: 5092602112 states checked.
Progress: 5106522475 states checked.
Progress: 5120464969 states checked.
Progress: 5134400805 states checked.
Progress: 5148313214 states checked.
Progress: 5162216408 states checked.
Progress: 5176117496 states checked.
Progress: 5190029138 states checked.
Progress: 5203969446 states checked.
Progress: 5217888995 states checked.
Progress: 5231801524 states checked.
Progress: 5245707297 states checked.
Progress: 5259628868 states checked.
Progress: 5273542796 states checked.
Progress: 5287446894 states checked.
Progress: 5301348523 states checked.
Progress: 5315239817 states checked.
Progress: 5329134176 states checked.
Progress: 5343020392 states checked.
Progress: 5356931922 states checked.
Progress: 5370841433 states checked.
Progress: 5384763734 states checked.
Progress: 5398672241 states checked.
Progress: 5412596945 states checked.
Progress: 5426520936 states checked.
Progress: 5440445825 states checked.
Progress: 5454354848 states checked.
Progress: 5468270588 states checked.
Progress: 5482204614 states checked.
Progress: 5496104309 states checked.
Progress: 5510010359 states checked.
Progress: 5523940806 states checked.
Progress: 5537869662 states checked.
Progress: 5551792695 states checked.
Progress: 5565717430 states checked.
Progress: 5579630412 states checked.
Progress: 5593551939 states checked.
Progress: 5607473460 states checked.
Progress: 5621375792 states checked.
Progress: 5635280451 states checked.
Progress: 5649199969 states checked.
Progress: 5663142082 states checked.
Progress: 5677069082 states checked.
Progress: 5690989092 states checked.
Progress: 5704921293 states checked.
Progress: 5718849757 states checked.
Progress: 5732764124 states checked.
Progress: 5746673486 states checked.
Progress: 5760571541 states checked.
Progress: 5774495225 states checked.
Progress: 5788407952 states checked.
Progress: 5802346971 states checked.
Progress: 5816261965 states checked.
Progress: 5830184202 states checked.
Progress: 5844096232 states checked.
Progress: 5858010391 states checked.
Progress: 5871920382 states checked.
Progress: 5885849202 states checked.
Progress: 5899781421 states checked.
Progress: 5913723603 states checked.
Progress: 5927675227 states checked.
Progress: 5941605868 states checked.
Progress: 5955524477 states checked.
Progress: 5969450932 states checked.
Progress: 5983367192 states checked.
Progress: 5997298960 states checked.
Progress: 6011200201 states checked.
Progress: 6025110049 states checked.
Progress: 6039019256 states checked.
Progress: 6052932449 states checked.
Progress: 6066837972 states checked.
Progress: 6080764420 states checked.
Progress: 6094684924 states checked.
Progress: 6108597071 states checked.
Progress: 6122517217 states checked.
Progress: 6136450579 states checked.
Progress: 6150383061 states checked.
Progress: 6164313740 states checked.
Progress: 6178259418 states checked.
Progress: 6192197347 states checked.
Progress: 6206129371 states checked.
Progress: 6220059403 states checked.
Progress: 6233967525 states checked.
Progress: 6247872937 states checked.
Progress: 6261787947 states checked.
Progress: 6275709954 states checked.
Progress: 6289633033 states checked.
Progress: 6303568187 states checked.
Progress: 6317489447 states checked.
Progress: 6331418802 states checked.
Progress: 6345344983 states checked.
Progress: 6359271678 states checked.
Progress: 6373219484 states checked.
Progress: 6387157537 states checked.
Progress: 6401086869 states checked.
Progress: 6415006752 states checked.
Progress: 6428922331 states checked.
Progress: 6442809259 states checked.
Progress: 6456701336 states checked.
Progress: 6470604169 states checked.
Progress: 6484498852 states checked.
Progress: 6498379331 states checked.
Progress: 6512273276 states checked.
Progress: 6526169192 states checked.
Progress: 6540065477 states checked.
Progress: 6553955974 states checked.
Progress: 6567866539 states checked.
Progress: 6581783448 states checked.
Progress: 6595696810 states checked.
Progress: 6609611052 states checked.
Progress: 6623509786 states checked.
Progress: 6637420542 states checked.
Progress: 6651312556 states checked.
Progress: 6665225994 states checked.
Progress: 6679146866 states checked.
Progress: 6693056176 states checked.
Progress: 6706973245 states checked.
Progress: 6720886388 states checked.
Progress: 6734801475 states checked.
Progress: 6748706215 states checked.
Progress: 6762602204 states checked.
Progress: 6776520849 states checked.
Progress: 6790429087 states checked.
Progress: 6804347298 states checked.
Progress: 6818268033 states checked.
Progress: 6832196163 states checked.
Progress: 6846119317 states checked.
Progress: 6860051461 states checked.
Progress: 6873967782 states checked.
Progress: 6887871820 states checked.
Progress: 6901788007 states checked.
Progress: 6915713072 states checked.
Progress: 6929628866 states checked.
Progress: 6943544998 states checked.
Progress: 6957437510 states checked.
Progress: 6971336026 states checked.
Progress: 6985241258 states checked.
Progress: 6999153618 states checked.
Progress: 7013077264 states checked.
Progress: 7026978133 states checked.
Progress: 7040891394 states checked.
Progress: 7054810094 states checked.
Progress: 7068721096 states checked.
Progress: 7082625282 states checked.
Progress: 7096539053 states checked.
Progress: 7110444703 states checked.
Progress: 7124329466 states checked.
Progress: 7138228747 states checked.
Progress: 7152136598 states checked.
Progress: 7166054874 states checked.
Progress: 7179977469 states checked.
Progress: 7193887744 states checked.
Progress: 7207794721 states checked.
Progress: 7221685697 states checked.
Progress: 7235602902 states checked.
Progress: 7249513272 states checked.
Progress: 7263424733 states checked.
Progress: 7277333155 states checked.
Progress: 7291242076 states checked.
Progress: 7305137771 states checked.
Progress: 7319035975 states checked.
Progress: 7332918924 states checked.
Progress: 7346819087 states checked.
Progress: 7360714702 states checked.
Progress: 7374615796 states checked.
Progress: 7388531262 states checked.
Progress: 7402445506 states checked.
Progress: 7416340459 states checked.
Progress: 7430249112 states checked.
Progress: 7444157720 states checked.
Progress: 7458037562 states checked.
Progress: 7471923015 states checked.
Progress: 7485826119 states checked.
Progress: 7499724566 states checked.
Progress: 7513632556 states checked.
Progress: 7527525818 states checked.
Progress: 7541416588 states checked.
Progress: 7555328493 states checked.
Progress: 7569225998 states checked.
Progress: 7583122579 states checked.
Progress: 7597035079 states checked.
Progress: 7610948601 states checked.
Progress: 7624853190 states checked.
Progress: 7638769877 states checked.
Progress: 7652677646 states checked.
Progress: 7666602133 states checked.
Progress: 7680522380 states checked.
Progress: 7694430757 states checked.
Progress: 7708345377 states checked.
Progress: 7722272072 states checked.
Progress: 7736173068 states checked.
Progress: 7750082117 states checked.
Progress: 7763989973 states checked.
Progress: 7777896057 states checked.
Progress: 7791801186 states checked.
Progress: 7805706299 states checked.
Progress: 7819611026 states checked.
Progress: 7833518760 states checked.
Progress: 7847422790 states checked.
Progress: 7861332589 states checked.
Progress: 7875239076 states checked.
Progress: 7889152837 states checked.
Progress: 7903070436 states checked.
Progress: 7916986531 states checked.
Progress: 7930913216 states checked.
Progress: 7944837058 states checked.
Progress: 7958758598 states checked.
Progress: 7972686492 states checked.
Progress: 7986601302 states checked.
Progress: 8000519831 states checked.
Progress: 8014431597 states checked.
Progress: 8028337035 states checked.
Progress: 8042246114 states checked.
Progress: 8056155763 states checked.
Progress: 8070048266 states checked.
Progress: 8083947977 states checked.
Progress: 8097839368 states checked.
Progress: 8111742839 states checked.
Progress: 8125645826 states checked.
Progress: 8139533989 states checked.
Progress: 8153431697 states checked.
Progress: 8167326399 states checked.
Progress: 8181229491 states checked.
Progress: 8195144072 states checked.
Progress: 8209056095 states checked.
Progress: 8222979317 states checked.
Progress: 8236916387 states checked.
Progress: 8250839190 states checked.
Progress: 8264738897 states checked.
Progress: 8278646678 states checked.
Progress: 8292545978 states checked.
Progress: 8306435671 states checked.
Progress: 8320340690 states checked.
Progress: 8334227037 states checked.
Progress: 8348129635 states checked.
Progress: 8362038408 states checked.
Progress: 8375926469 states checked.
Progress: 8389823437 states checked.
Progress: 8403721320 states checked.
Progress: 8417642053 states checked.
Progress: 8431544986 states checked.
Progress: 8445456602 states checked.
Progress: 8459365235 states checked.
Progress: 8473265942 states checked.
Progress: 8487186026 states checked.
Progress: 8501077561 states checked.
Progress: 8514983541 states checked.
Progress: 8528882241 states checked.
Progress: 8542772851 states checked.
Progress: 8556642462 states checked.
Progress: 8570551745 states checked.
Progress: 8584439084 states checked.
Progress: 8598343584 states checked.
Progress: 8612259792 states checked.
Progress: 8626179332 states checked.
Progress: 8640087492 states checked.
Progress: 8653991249 states checked.
Progress: 8667890696 states checked.
Progress: 8681790138 states checked.
Progress: 8695687654 states checked.
Progress: 8709584928 states checked.
Progress: 8723474756 states checked.
Progress: 8737383227 states checked.
Progress: 8751260292 states checked.
Progress: 8765149593 states checked.
Progress: 8779045660 states checked.
Progress: 8792936183 states checked.
Progress: 8806849646 states checked.
Progress: 8820739234 states checked.
Progress: 8834646450 states checked.
Progress: 8848574445 states checked.
Progress: 8862493858 states checked.
Progress: 8876414869 states checked.
Progress: 8890327275 states checked.
Progress: 8904232587 states checked.
Progress: 8918121466 states checked.
Progress: 8932012605 states checked.
Progress: 8945900684 states checked.
Progress: 8959783306 states checked.
Progress: 8973687036 states checked.
Progress: 8987591516 states checked.
Progress: 9001484700 states checked.
Progress: 9015385686 states checked.
Progress: 9029271192 states checked.
Progress: 9043152857 states checked.
Progress: 9057040655 states checked.
Progress: 9070956837 states checked.
Progress: 9084875088 states checked.
Progress: 9098773678 states checked.
Progress: 9112680179 states checked.
Progress: 9126574260 states checked.
Progress: 9140477590 states checked.
Progress: 9154368710 states checked.
Progress: 9168259389 states checked.
Progress: 9182158598 states checked.
Progress: 9196039543 states checked.
Progress: 9209931584 states checked.
Progress: 9223816766 states checked.
Progress: 9237711996 states checked.
Progress: 9251592744 states checked.
Progress: 9265496213 states checked.
Progress: 9279384901 states checked.
Progress: 9293278010 states checked.
Progress: 9307168989 states checked.
Progress: 9321065349 states checked.
Progress: 9334960314 states checked.
Progress: 9348854546 states checked.
Progress: 9362774846 states checked.
Progress: 9376669499 states checked.
Progress: 9390571608 states checked.
Progress: 9404472725 states checked.
Progress: 9418383600 states checked.
Progress: 9432275678 states checked.
Progress: 9446174751 states checked.
Progress: 9460085335 states checked.
Progress: 9473998761 states checked.
Progress: 9487911580 states checked.
Progress: 9501828157 states checked.
Progress: 9515738312 states checked.
Progress: 9529643764 states checked.
Progress: 9543537569 states checked.
Progress: 9557438271 states checked.
Progress: 9571344297 states checked.
Progress: 9585261001 states checked.
Progress: 9599165646 states checked.
Progress: 9613077100 states checked.
Progress: 9626995571 states checked.
Progress: 9640895702 states checked.
Progress: 9654810952 states checked.
Progress: 9668718649 states checked.
Progress: 9682618553 states checked.
Progress: 9696527683 states checked.
Progress: 9710433159 states checked.
Progress: 9724367123 states checked.
Progress: 9738283108 states checked.
Progress: 9752203332 states checked.
Progress: 9766109165 states checked.
Progress: 9780028101 states checked.
Progress: 9793933570 states checked.
Progress: 9807866934 states checked.
Progress: 9821787183 states checked.
Progress: 9835708783 states checked.
Progress: 9849643991 states checked.
Progress: 9863563255 states checked.
Progress: 9877490151 states checked.
Progress: 9891401898 states checked.
Progress: 9905310118 states checked.
Progress: 9919220842 states checked.
Progress: 9933140975 states checked.
Progress: 9947063785 states checked.
Progress: 9960976894 states checked.
Progress: 9974880340 states checked.
Progress: 9988780579 states checked.
Progress: 10002692980 states checked.
Progress: 10016608588 states checked.
Progress: 10030514353 states checked.
Progress: 10044425032 states checked.
Progress: 10058331262 states checked.
Progress: 10072258503 states checked.
Progress: 10086173363 states checked.
Progress: 10100093557 states checked.
Progress: 10113978930 states checked.
Progress: 10127870515 states checked.
Progress: 10141782538 states checked.
Progress: 10155707611 states checked.
Progress: 10169610091 states checked.
Progress: 10183522666 states checked.
Progress: 10197422905 states checked.
Progress: 10211344605 states checked.
Progress: 10225273585 states checked.
Progress: 10239190172 states checked.
Progress: 10253091888 states checked.
Progress: 10267013981 states checked.
Progress: 10280916874 states checked.
Progress: 10294815464 states checked.
Progress: 10308716606 states checked.
Progress: 10322612166 states checked.
Progress: 10336522873 states checked.
Progress: 10350397136 states checked.
Progress: 10364272874 states checked.
Progress: 10378164650 states checked.
Progress: 10392047610 states checked.
Progress: 10405920034 states checked.
Progress: 10419824896 states checked.
Progress: 10433741456 states checked.
Progress: 10447652413 states checked.
Progress: 10461550554 states checked.
Progress: 10475460170 states checked.
Progress: 10489362488 states checked.
Progress: 10503266202 states checked.
Progress: 10517165711 states checked.
Progress: 10531056848 states checked.
Progress: 10544969582 states checked.
Progress: 10558846248 states checked.
Progress: 10572726114 states checked.
Progress: 10586617876 states checked.
Progress: 10600522355 states checked.
Progress: 10614423018 states checked.
Progress: 10628348221 states checked.
Progress: 10642285077 states checked.
Progress: 10656213270 states checked.
Progress: 10670123159 states checked.
Progress: 10684028066 states checked.
Progress: 10697934132 states checked.
Progress: 10711848044 states checked.
Progress: 10725765384 states checked.
Progress: 10739671111 states checked.
Progress: 10753583431 states checked.
Progress: 10767488275 states checked.
Progress: 10781414823 states checked.
Progress: 10795318252 states checked.
Progress: 10809237447 states checked.
Progress: 10823153583 states checked.
Progress: 10837059443 states checked.
Progress: 10850963689 states checked.
Progress: 10864856363 states checked.
Progress: 10878758952 states checked.
Progress: 10892677203 states checked.
Progress: 10906580473 states checked.
Progress: 10920487993 states checked.
Progress: 10934403611 states checked.
Progress: 10948315521 states checked.
Progress: 10962234419 states checked.
Progress: 10976137050 states checked.
Progress: 10990034457 states checked.
Progress: 11003940702 states checked.
Progress: 11017840233 states checked.
Progress: 11031769226 states checked.
Progress: 11045700211 states checked.
Progress: 11059624556 states checked.
Progress: 11073528433 states checked.
Progress: 11087424825 states checked.
Progress: 11101336552 states checked.
Progress: 11115256030 states checked.
Progress: 11129164935 states checked.
Progress: 11143064318 states checked.
Progress: 11156981886 states checked.
Progress: 11170896717 states checked.
Progress: 11184805780 states checked.
Progress: 11198703198 states checked.
Progress: 11212608788 states checked.
Progress: 11226522622 states checked.
Progress: 11240421995 states checked.
Progress: 11254323091 states checked.
Progress: 11268237025 states checked.
Progress: 11282134067 states checked.
Progress: 11296027009 states checked.
Progress: 11309931524 states checked.
Progress: 11323825983 states checked.
Progress: 11337723889 states checked.
Progress: 11351622664 states checked.
Progress: 11365498971 states checked.
Progress: 11379383292 states checked.
Progress: 11393268377 states checked.
Progress: 11407163016 states checked.
Progress: 11421065874 states checked.
Progress: 11434971650 states checked.
Progress: 11448872410 states checked.
Progress: 11462791299 states checked.
Progress: 11476702662 states checked.
Progress: 11490623417 states checked.
Progress: 11504554102 states checked.
Progress: 11518478409 states checked.
Progress: 11532405103 states checked.
Progress: 11546325792 states checked.
Progress: 11560247091 states checked.
Progress: 11574169366 states checked.
Progress: 11588085876 states checked.
Progress: 11601998301 states checked.
Progress: 11615938039 states checked.
Progress: 11629875252 states checked.
Progress: 11643824379 states checked.
Progress: 11657750331 states checked.
Progress: 11671648460 states checked.
Progress: 11685578828 states checked.
Progress: 11699495857 states checked.
Progress: 11713399937 states checked.
Progress: 11727306816 states checked.
Progress: 11741218376 states checked.
Progress: 11755134468 states checked.
Progress: 11769050330 states checked.
Progress: 11782973961 states checked.
Progress: 11796902745 states checked.
Progress: 11810820737 states checked.
Progress: 11824730863 states checked.
Progress: 11838645732 states checked.
Progress: 11852545070 states checked.
Progress: 11866462083 states checked.
Progress: 11880366278 states checked.
Progress: 11894287955 states checked.
Progress: 11908166626 states checked.
Progress: 11922060817 states checked.
Progress: 11935958506 states checked.
Progress: 11949885001 states checked.
Progress: 11963783574 states checked.
Progress: 11977660134 states checked.
Progress: 11991558022 states checked.
Progress: 12005450646 states checked.
Progress: 12019328575 states checked.
Progress: 12033243539 states checked.
Progress: 12047154761 states checked.
Progress: 12061030991 states checked.
Progress: 12074921770 states checked.
Progress: 12088824168 states checked.
Progress: 12102723683 states checked.
Progress: 12116620616 states checked.
Progress: 12130486322 states checked.
Progress: 12144367995 states checked.
Progress: 12158278119 states checked.
Progress: 12172170494 states checked.
Progress: 12186053398 states checked.
Progress: 12199934999 states checked.
Progress: 12213837035 states checked.
Progress: 12227725951 states checked.
Progress: 12241629225 states checked.
Progress: 12255530013 states checked.
Progress: 12269446189 states checked.
Progress: 12283371940 states checked.
Progress: 12297282034 states checked.
Progress: 12311194919 states checked.
Progress: 12325101080 states checked.
Progress: 12339003334 states checked.
Progress: 12352898013 states checked.
Progress: 12366787145 states checked.
Progress: 12380687641 states checked.
Progress: 12394599524 states checked.
Progress: 12408500831 states checked.
Progress: 12422407349 states checked.
Progress: 12436320032 states checked.
Progress: 12450219044 states checked.
Progress: 12464131790 states checked.
Progress: 12478052157 states checked.
Progress: 12491952435 states checked.
Progress: 12505848466 states checked.
Progress: 12519753984 states checked.
Progress: 12533656437 states checked.
Progress: 12547562315 states checked.
Progress: 12561471195 states checked.
Progress: 12575384133 states checked.
Progress: 12589309444 states checked.
Progress: 12603220591 states checked.
Progress: 12617126097 states checked.
Progress: 12631022437 states checked.
Progress: 12644906880 states checked.
Progress: 12658792617 states checked.
Progress: 12672699567 states checked.
Progress: 12686607224 states checked.
Progress: 12700520306 states checked.
Progress: 12714428735 states checked.
Progress: 12728324676 states checked.
Progress: 12742208777 states checked.
Progress: 12756095878 states checked.
Progress: 12769976368 states checked.
Progress: 12783842631 states checked.
Progress: 12797740178 states checked.
Progress: 12811645649 states checked.
Progress: 12825539538 states checked.
Progress: 12839448614 states checked.
Progress: 12853359719 states checked.
Progress: 12867282843 states checked.
Progress: 12881198871 states checked.
Progress: 12895126140 states checked.
Progress: 12909038105 states checked.
Progress: 12922958611 states checked.
Progress: 12936864482 states checked.
Progress: 12950772264 states checked.
Progress: 12964672733 states checked.
Progress: 12978567146 states checked.
Progress: 12992472183 states checked.
Progress: 13006387686 states checked.
Progress: 13020283358 states checked.
Progress: 13034176179 states checked.
Progress: 13048062180 states checked.
Progress: 13061961266 states checked.
Progress: 13075871936 states checked.
Progress: 13089781659 states checked.
Progress: 13103686003 states checked.
Progress: 13117598171 states checked.
Progress: 13131484556 states checked.
Progress: 13145384598 states checked.
Progress: 13159282622 states checked.
Progress: 13173186436 states checked.
Progress: 13187097858 states checked.
Progress: 13200999629 states checked.
Progress: 13214891778 states checked.
Progress: 13228796055 states checked.
Progress: 13242697035 states checked.
Progress: 13256607513 states checked.
Progress: 13270505246 states checked.
Progress: 13284389075 states checked.
Progress: 13298282296 states checked.
Progress: 13312187538 states checked.
Progress: 13326089100 states checked.
Progress: 13339995118 states checked.
Progress: 13353890607 states checked.
Progress: 13367788545 states checked.
Progress: 13381698041 states checked.
Progress: 13395599997 states checked.
Progress: 13409489822 states checked.
Progress: 13423388646 states checked.
Progress: 13437287018 states checked.
Progress: 13451187170 states checked.
Progress: 13465081418 states checked.
Progress: 13478993507 states checked.
Progress: 13492903784 states checked.
Progress: 13506806705 states checked.
Progress: 13520709811 states checked.
Progress: 13534615731 states checked.
Progress: 13548513393 states checked.
Progress: 13562413212 states checked.
Progress: 13576322614 states checked.
Progress: 13590237302 states checked.
Progress: 13604161483 states checked.
Progress: 13618066564 states checked.
Progress: 13631956706 states checked.
Progress: 13645844751 states checked.
Progress: 13659740482 states checked.
Progress: 13673648732 states checked.
Progress: 13687546207 states checked.
Progress: 13701463210 states checked.
Progress: 13715372706 states checked.
Progress: 13729292295 states checked.
Progress: 13743195502 states checked.
Progress: 13757089776 states checked.
Progress: 13771007054 states checked.
Progress: 13784917592 states checked.
Progress: 13798838068 states checked.
Progress: 13812754691 states checked.
Progress: 13826666880 states checked.
Progress: 13840585201 states checked.
Progress: 13854498261 states checked.
Progress: 13868400330 states checked.
Progress: 13882301358 states checked.
Progress: 13896199200 states checked.
Progress: 13910091252 states checked.
Progress: 13924001503 states checked.
Progress: 13937911747 states checked.
Progress: 13951812057 states checked.
Progress: 13965721218 states checked.
Progress: 13979633254 states checked.
Progress: 13993536209 states checked.
Progress: 14007413796 states checked.
Progress: 14021274203 states checked.
Progress: 14035147882 states checked.
Progress: 14049036602 states checked.
Progress: 14062929076 states checked.
Progress: 14076796072 states checked.
Progress: 14090691340 states checked.
Progress: 14104582800 states checked.
Progress: 14118478374 states checked.
Progress: 14132369144 states checked.
Progress: 14146228267 states checked.
Progress: 14160103098 states checked.
Progress: 14173969754 states checked.
Progress: 14187824478 states checked.
Progress: 14201685698 states checked.
Progress: 14215577743 states checked.
Progress: 14229474466 states checked.
Progress: 14243338558 states checked.
Progress: 14257207145 states checked.
Progress: 14271076205 states checked.
Progress: 14284946325 states checked.
Progress: 14298824670 states checked.
Progress: 14312709825 states checked.
Progress: 14326597127 states checked.
Progress: 14340484724 states checked.
Progress: 14354357488 states checked.
Progress: 14368242033 states checked.
Progress: 14382124882 states checked.
Progress: 14395991593 states checked.
Progress: 14409871389 states checked.
Progress: 14423751425 states checked.
Progress: 14437609287 states checked.
Progress: 14451459094 states checked.
Progress: 14465339379 states checked.
Progress: 14479233213 states checked.
Progress: 14493123701 states checked.
Progress: 14507006249 states checked.
Progress: 14520890141 states checked.
Progress: 14534775004 states checked.
Progress: 14548662463 states checked.
Progress: 14562544791 states checked.
Progress: 14576430959 states checked.
Progress: 14590323676 states checked.
Progress: 14604218336 states checked.
Progress: 14618100733 states checked.
Progress: 14631974982 states checked.
Progress: 14645874616 states checked.
Progress: 14659760233 states checked.
Progress: 14673636502 states checked.
Progress: 14687516655 states checked.
Progress: 14701386390 states checked.
Progress: 14715266640 states checked.
Progress: 14729134282 states checked.
Progress: 14742997330 states checked.
Progress: 14756867125 states checked.
Progress: 14770749967 states checked.
Progress: 14784627112 states checked.
Progress: 14798498494 states checked.
Progress: 14812369590 states checked.
Progress: 14826259794 states checked.
Progress: 14840142814 states checked.
Progress: 14854037292 states checked.
Progress: 14867924023 states checked.
Progress: 14881805219 states checked.
Progress: 14895702233 states checked.
Progress: 14909581326 states checked.
Progress: 14923478224 states checked.
Progress: 14937361704 states checked.
Progress: 14951252346 states checked.
Progress: 14965138752 states checked.
Progress: 14979021366 states checked.
Progress: 14992908590 states checked.
Progress: 15006785849 states checked.
Progress: 15020689754 states checked.
Progress: 15034585438 states checked.
Progress: 15048479643 states checked.
Progress: 15062364098 states checked.
Progress: 15076254581 states checked.
Progress: 15090142117 states checked.
Progress: 15104028212 states checked.
Progress: 15117923958 states checked.
Progress: 15131831447 states checked.
Progress: 15145724971 states checked.
Progress: 15159623136 states checked.
Progress: 15173527862 states checked.
Progress: 15187423541 states checked.
Progress: 15201322390 states checked.
Progress: 15215215010 states checked.
Progress: 15229092236 states checked.
Progress: 15242988692 states checked.
Progress: 15256876422 states checked.
Progress: 15270768231 states checked.
Progress: 15284682597 states checked.
Progress: 15298585849 states checked.
Progress: 15312484869 states checked.
Progress: 15326384605 states checked.
Progress: 15340266894 states checked.
Progress: 15354156386 states checked.
Progress: 15368053238 states checked.
Progress: 15381942929 states checked.
Progress: 15395815937 states checked.
Progress: 15409716284 states checked.
Progress: 15423605623 states checked.
Progress: 15437504180 states checked.
Progress: 15451415837 states checked.
Progress: 15465304080 states checked.
Progress: 15479193273 states checked.
Progress: 15493094931 states checked.
Progress: 15506991948 states checked.
Progress: 15520881787 states checked.
Progress: 15534766127 states checked.
Progress: 15548670590 states checked.
Progress: 15562562982 states checked.
Progress: 15576446679 states checked.
Progress: 15590347973 states checked.
Progress: 15604236176 states checked.
Progress: 15618140891 states checked.
Progress: 15632042542 states checked.
Progress: 15645937271 states checked.
Progress: 15659826557 states checked.
Progress: 15673708344 states checked.
Progress: 15687592278 states checked.
Progress: 15701472735 states checked.
Progress: 15715349480 states checked.
Progress: 15729261018 states checked.
Progress: 15743153073 states checked.
Progress: 15757042834 states checked.
Progress: 15770935813 states checked.
Progress: 15784829080 states checked.
Progress: 15798725061 states checked.
Progress: 15812627206 states checked.
Progress: 15826536330 states checked.
Progress: 15840431429 states checked.
Progress: 15854334200 states checked.
Progress: 15868235999 states checked.
Progress: 15882147141 states checked.
Progress: 15896048250 states checked.
Progress: 15909942463 states checked.
Progress: 15923834461 states checked.
Progress: 15937713556 states checked.
Progress: 15951595702 states checked.
Progress: 15965485678 states checked.
Progress: 15979366948 states checked.
Progress: 15993254882 states checked.
Progress: 16007162362 states checked.
Progress: 16021038707 states checked.
Progress: 16034930015 states checked.
Progress: 16048807120 states checked.
Progress: 16062696964 states checked.
Progress: 16076573077 states checked.
Progress: 16090439264 states checked.
Progress: 16104331447 states checked.
Progress: 16118226727 states checked.
Progress: 16132123185 states checked.
Progress: 16146001747 states checked.
Progress: 16159889764 states checked.
Progress: 16173782675 states checked.
Progress: 16187672759 states checked.
Progress: 16201574986 states checked.
Progress: 16215486945 states checked.
Progress: 16229371342 states checked.
Progress: 16243262346 states checked.
Progress: 16257161229 states checked.
Progress: 16271071756 states checked.
Progress: 16284968753 states checked.
Progress: 16298876205 states checked.
Progress: 16312778941 states checked.
Progress: 16326672351 states checked.
Progress: 16340549603 states checked.
Progress: 16354429368 states checked.
Progress: 16368324378 states checked.
Progress: 16382213543 states checked.
Progress: 16396133264 states checked.
Progress: 16410035587 states checked.
Progress: 16423940968 states checked.
Progress: 16437850398 states checked.
Progress: 16451749703 states checked.
Progress: 16465641208 states checked.
Progress: 16479558336 states checked.
Progress: 16493473190 states checked.
Progress: 16507351744 states checked.
Progress: 16521243606 states checked.
Progress: 16535152377 states checked.
Progress: 16549043414 states checked.
Progress: 16562945752 states checked.
Progress: 16576818130 states checked.
Progress: 16590693753 states checked.
Progress: 16604585216 states checked.
Progress: 16618467670 states checked.
Progress: 16632360681 states checked.
Progress: 16646262188 states checked.
Progress: 16660151050 states checked.
Progress: 16674051538 states checked.
Progress: 16687922488 states checked.
Progress: 16701813277 states checked.
Progress: 16715688524 states checked.
Progress: 16729579072 states checked.
Progress: 16743464604 states checked.
Progress: 16757337495 states checked.
Progress: 16771234195 states checked.
Progress: 16785127807 states checked.
Progress: 16799018922 states checked.
Progress: 16812912137 states checked.
Progress: 16826807453 states checked.
Progress: 16840691138 states checked.
Progress: 16854579304 states checked.
Progress: 16868459339 states checked.
Progress: 16882346903 states checked.
Progress: 16896240558 states checked.
Progress: 16910138136 states checked.
Progress: 16924045852 states checked.
Progress: 16937934163 states checked.
Progress: 16951830920 states checked.
Progress: 16965713884 states checked.
Progress: 16979598088 states checked.
Progress: 16993481441 states checked.
Progress: 17007381738 states checked.
Progress: 17021295978 states checked.
Progress: 17035206670 states checked.
Progress: 17049101455 states checked.
Progress: 17063000260 states checked.
Progress: 17076901103 states checked.
Progress: 17090790766 states checked.
Progress: 17104686221 states checked.
Progress: 17118599161 states checked.
Progress: 17132490930 states checked.
Progress: 17146373099 states checked.
Progress: 17160261364 states checked.
Progress: 17174146237 states checked.
Progress: 17188036396 states checked.
Progress: 17201933843 states checked.
Progress: 17215815331 states checked.
Progress: 17229710552 states checked.
Progress: 17243611233 states checked.
Progress: 17257503839 states checked.
Progress: 17271410580 states checked.
Progress: 17285311411 states checked.
Progress: 17299214154 states checked.
Progress: 17313108203 states checked.
Progress: 17326998499 states checked.
Progress: 17340874758 states checked.
Progress: 17354756131 states checked.
Progress: 17368640890 states checked.
Progress: 17382528499 states checked.
Progress: 17396411680 states checked.
Progress: 17410295330 states checked.
Progress: 17424200717 states checked.
Progress: 17438094421 states checked.
Progress: 17451983728 states checked.
Progress: 17465853569 states checked.
Progress: 17479730913 states checked.
Progress: 17493614483 states checked.
Progress: 17507506941 states checked.
Progress: 17521389522 states checked.
Progress: 17535279855 states checked.
Progress: 17549147679 states checked.
Progress: 17563023686 states checked.
Progress: 17576898175 states checked.
Progress: 17590783923 states checked.
Progress: 17604671198 states checked.
Progress: 17618563893 states checked.
Progress: 17632482156 states checked.
Progress: 17646381206 states checked.
Progress: 17660267671 states checked.
Progress: 17674177001 states checked.
Progress: 17688059275 states checked.
Progress: 17701974996 states checked.
Progress: 17715868122 states checked.
Progress: 17729749569 states checked.
Progress: 17743650889 states checked.
Progress: 17757529773 states checked.
Progress: 17771417928 states checked.
Progress: 17785318618 states checked.
Progress: 17799213493 states checked.
Progress: 17813097457 states checked.
Progress: 17826979554 states checked.
Progress: 17840835702 states checked.
Progress: 17854701956 states checked.
Progress: 17868570280 states checked.
Progress: 17882439609 states checked.
Progress: 17896321845 states checked.
Progress: 17910193628 states checked.
Progress: 17924076236 states checked.
Progress: 17937968518 states checked.
Progress: 17951842862 states checked.
Progress: 17965735179 states checked.
Progress: 17979608360 states checked.
Progress: 17993487565 states checked.
Progress: 18007367462 states checked.
Progress: 18021252688 states checked.
Progress: 18035150911 states checked.
Progress: 18049044149 states checked.
Progress: 18062941362 states checked.
Progress: 18076842888 states checked.
Progress: 18090696927 states checked.
Progress: 18104569924 states checked.
Progress: 18118450502 states checked.
Progress: 18132315627 states checked.
Progress: 18146204610 states checked.
Progress: 18160079943 states checked.
Progress: 18173961002 states checked.
Progress: 18187827017 states checked.
Progress: 18201708894 states checked.
Progress: 18215593564 states checked.
Progress: 18229475579 states checked.
Progress: 18243369578 states checked.
Progress: 18257244684 states checked.
Progress: 18271119898 states checked.
Progress: 18285016790 states checked.
Progress: 18298902293 states checked.
Progress: 18312792289 states checked.
Progress: 18326690500 states checked.
Progress: 18340563466 states checked.
Progress: 18354456466 states checked.
Progress: 18368360582 states checked.
Progress: 18382240930 states checked.
Progress: 18396114972 states checked.
Progress: 18409997916 states checked.
Progress: 18423876370 states checked.
Progress: 18437758926 states checked.
Progress: 18451640775 states checked.
Progress: 18465505706 states checked.
Progress: 18479373413 states checked.
Progress: 18493244003 states checked.
Progress: 18507121963 states checked.
Progress: 18520987390 states checked.
Progress: 18534880876 states checked.
Progress: 18548776798 states checked.
Progress: 18562650852 states checked.
Progress: 18576511555 states checked.
Progress: 18590369141 states checked.
Progress: 18604229582 states checked.
Progress: 18618087375 states checked.
Progress: 18631951224 states checked.
Progress: 18645807579 states checked.
Progress: 18659680014 states checked.
Progress: 18673540192 states checked.
Progress: 18687417352 states checked.
Progress: 18701285797 states checked.
Progress: 18715145983 states checked.
Progress: 18728984630 states checked.
Progress: 18742843104 states checked.
Progress: 18756687464 states checked.
Progress: 18770552368 states checked.
Progress: 18784377919 states checked.
Progress: 18798218289 states checked.
Progress: 18812072013 states checked.
Progress: 18825922701 states checked.
Progress: 18839755608 states checked.
Progress: 18853607565 states checked.
Progress: 18867475022 states checked.
Progress: 18881341560 states checked.
Progress: 18895206986 states checked.
Progress: 18909092534 states checked.
Progress: 18922999781 states checked.
Progress: 18936882299 states checked.
Progress: 18950754297 states checked.
Progress: 18964622114 states checked.
Progress: 18978515932 states checked.
Progress: 18992370226 states checked.
Progress: 19006231262 states checked.
Progress: 19020084426 states checked.
Progress: 19033962743 states checked.
Progress: 19047839331 states checked.
Progress: 19061722488 states checked.
Progress: 19075603749 states checked.
Progress: 19089474129 states checked.
Progress: 19103336180 states checked.
Progress: 19117214071 states checked.
Progress: 19131094884 states checked.
Progress: 19144977333 states checked.
Progress: 19158865351 states checked.
Progress: 19172735498 states checked.
Progress: 19186593127 states checked.
Progress: 19200479806 states checked.
Progress: 19214356831 states checked.
Progress: 19228220364 states checked.
Progress: 19242066281 states checked.
Progress: 19255923254 states checked.
Progress: 19269786854 states checked.
Progress: 19283664153 states checked.
Progress: 19297529913 states checked.
Progress: 19311372116 states checked.
Progress: 19325235098 states checked.
Progress: 19339095580 states checked.
Progress: 19352943402 states checked.
Progress: 19366832422 states checked.
Progress: 19380690104 states checked.
Progress: 19394524012 states checked.
Progress: 19408389618 states checked.
Progress: 19422250777 states checked.
Progress: 19436115017 states checked.
Progress: 19449951488 states checked.
Progress: 19463821028 states checked.
Progress: 19477692677 states checked.
Progress: 19491582517 states checked.
Progress: 19505450512 states checked.
Progress: 19519326172 states checked.
Progress: 19533203332 states checked.
Progress: 19547075038 states checked.
Progress: 19560940758 states checked.
Progress: 19574840232 states checked.
Progress: 19588735742 states checked.
Progress: 19602606716 states checked.
Progress: 19616472062 states checked.
Progress: 19630360225 states checked.
Progress: 19644250672 states checked.
Progress: 19658116511 states checked.
Progress: 19671986546 states checked.
Progress: 19685844656 states checked.
Progress: 19699705084 states checked.
Progress: 19713560057 states checked.
Progress: 19727407173 states checked.
Progress: 19741274970 states checked.
Progress: 19755158078 states checked.
Progress: 19769022876 states checked.
Progress: 19782909384 states checked.
Progress: 19796790244 states checked.
Progress: 19810661421 states checked.
Progress: 19824528573 states checked.
Progress: 19838408625 states checked.
Progress: 19852263264 states checked.
Progress: 19866154964 states checked.
Progress: 19880020182 states checked.
Progress: 19893902515 states checked.
Progress: 19907780225 states checked.
Progress: 19921648647 states checked.
Progress: 19935548207 states checked.
Progress: 19949437853 states checked.
Progress: 19963293679 states checked.
Progress: 19977155930 states checked.
Progress: 19991034430 states checked.
Progress: 20004936063 states checked.
Progress: 20018841672 states checked.
Progress: 20032743780 states checked.
Progress: 20046644769 states checked.
Progress: 20060520638 states checked.
Progress: 20074413723 states checked.
Progress: 20088309668 states checked.
Progress: 20102197001 states checked.
Progress: 20116096314 states checked.
Progress: 20130019324 states checked.
Progress: 20143946162 states checked.
Progress: 20157841676 states checked.
Progress: 20171726852 states checked.
Progress: 20185629851 states checked.
Progress: 20199530764 states checked.
Progress: 20213435315 states checked.
Progress: 20227323059 states checked.
