Semantic processing of module FiniteSets
Semantic processing of module TLC
Semantic processing of module EPaxosCommitWithRecovery
Starting... (2026-03-12 12:38:26)
Computing initial states...
Finished computing initial states: 1 distinct state generated at 2026-03-12 12:38:26.
Progress(10) at 2026-03-12 12:38:29: 54,612 states generated (54,612 s/min), 26,607 distinct states found (26,607 ds/min), 20,990 states left on queue.
Progress(12) at 2026-03-12 12:39:29: 1,339,274 states generated (1,284,662 s/min), 526,319 distinct states found (499,712 ds/min), 381,484 states left on queue.
Progress(13) at 2026-03-12 12:40:29: 2,860,378 states generated (1,521,104 s/min), 1,091,565 distinct states found (565,246 ds/min), 776,613 states left on queue.
Progress(13) at 2026-03-12 12:41:29: 4,116,101 states generated (1,255,723 s/min), 1,558,511 distinct states found (466,946 ds/min), 1,102,385 states left on queue.
Progress(13) at 2026-03-12 12:42:29: 5,519,999 states generated (1,403,898 s/min), 2,074,604 distinct states found (516,093 ds/min), 1,459,263 states left on queue.
Progress(14) at 2026-03-12 12:43:29: 8,211,501 states generated (2,691,502 s/min), 3,049,453 distinct states found (974,849 ds/min), 2,125,356 states left on queue.
Error: Invariant Agreement is violated.
Error: The behavior up to this point is:
State 1: <Initial predicate>
/\ phase = <<<<1, 1>>, <<1, 1>>, <<1, 1>>>>
/\ bal = <<<<0, 0>>, <<0, 0>>, <<0, 0>>>>
/\ postWaitingFlag = <<<<FALSE, FALSE>>, <<FALSE, FALSE>>, <<FALSE, FALSE>>>>
/\ dep = <<<<{}, {}>>, <<{}, {}>>, <<{}, {}>>>>
/\ recoveryAttemptBal = <<<<0, 0>>, <<0, 0>>, <<0, 0>>>>
/\ Ivar = <<<<{}, {}>>, <<{}, {}>>, <<{}, {}>>>>
/\ submitted = {}
/\ cmd = <<<<bottom, bottom>>, <<bottom, bottom>>, <<bottom, bottom>>>>
/\ initDep = <<<<{}, {}>>, <<{}, {}>>, <<{}, {}>>>>
/\ msgs = {}
/\ initCmd = <<<<bottom, bottom>>, <<bottom, bottom>>, <<bottom, bottom>>>>
/\ Qvar = <<<<{}, {}>>, <<{}, {}>>, <<{}, {}>>>>
/\ CardinalityRmax = <<<<0, 0>>, <<0, 0>>, <<0, 0>>>>
/\ recovered = <<<<0, 0>>, <<0, 0>>, <<0, 0>>>>
/\ initCoord = <<0, 0>>

State 2: <Submit line 228, col 5 to line 236, col 110 of module EPaxosCommitWithRecovery>
/\ phase = <<<<1, 1>>, <<2, 1>>, <<1, 1>>>>
/\ bal = <<<<0, 0>>, <<0, 0>>, <<0, 0>>>>
/\ postWaitingFlag = <<<<FALSE, FALSE>>, <<FALSE, FALSE>>, <<FALSE, FALSE>>>>
/\ dep = <<<<{}, {}>>, <<{}, {}>>, <<{}, {}>>>>
/\ recoveryAttemptBal = <<<<0, 0>>, <<0, 0>>, <<0, 0>>>>
/\ Ivar = <<<<{}, {}>>, <<{}, {}>>, <<{}, {}>>>>
/\ submitted = {1}
/\ cmd = <<<<bottom, bottom>>, <<1, bottom>>, <<bottom, bottom>>>>
/\ initDep = <<<<{}, {}>>, <<{}, {}>>, <<{}, {}>>>>
/\ msgs = { [type |-> 1, from |-> 2, to |-> 1, body |-> [id |-> 1, c |-> 1, D |-> {}]],
  [type |-> 1, from |-> 2, to |-> 3, body |-> [id |-> 1, c |-> 1, D |-> {}]],
  [type |-> 2, from |-> 2, to |-> 2, body |-> [id |-> 1, Dq |-> {}]] }
/\ initCmd = <<<<bottom, bottom>>, <<1, bottom>>, <<bottom, bottom>>>>
/\ Qvar = <<<<{}, {}>>, <<{}, {}>>, <<{}, {}>>>>
/\ CardinalityRmax = <<<<0, 0>>, <<0, 0>>, <<0, 0>>>>
/\ recovered = <<<<0, 0>>, <<0, 0>>, <<0, 0>>>>
/\ initCoord = <<2, 0>>

State 3: <Next line 613, col 16 to line 618, col 36 of module EPaxosCommitWithRecovery>
/\ phase = <<<<2, 1>>, <<2, 1>>, <<1, 1>>>>
/\ bal = <<<<0, 0>>, <<0, 0>>, <<0, 0>>>>
/\ postWaitingFlag = <<<<FALSE, FALSE>>, <<FALSE, FALSE>>, <<FALSE, FALSE>>>>
/\ dep = <<<<{}, {}>>, <<{}, {}>>, <<{}, {}>>>>
/\ recoveryAttemptBal = <<<<0, 0>>, <<0, 0>>, <<0, 0>>>>
/\ Ivar = <<<<{}, {}>>, <<{}, {}>>, <<{}, {}>>>>
/\ submitted = {1}
/\ cmd = <<<<1, bottom>>, <<1, bottom>>, <<bottom, bottom>>>>
/\ initDep = <<<<{}, {}>>, <<{}, {}>>, <<{}, {}>>>>
/\ msgs = { [type |-> 1, from |-> 2, to |-> 3, body |-> [id |-> 1, c |-> 1, D |-> {}]],
  [type |-> 2, from |-> 1, to |-> 2, body |-> [id |-> 1, Dq |-> {}]],
  [type |-> 2, from |-> 2, to |-> 2, body |-> [id |-> 1, Dq |-> {}]] }
/\ initCmd = <<<<1, bottom>>, <<1, bottom>>, <<bottom, bottom>>>>
/\ Qvar = <<<<{}, {}>>, <<{}, {}>>, <<{}, {}>>>>
/\ CardinalityRmax = <<<<0, 0>>, <<0, 0>>, <<0, 0>>>>
/\ recovered = <<<<0, 0>>, <<0, 0>>, <<0, 0>>>>
/\ initCoord = <<2, 0>>

State 4: <Submit line 228, col 5 to line 236, col 110 of module EPaxosCommitWithRecovery>
/\ phase = <<<<2, 2>>, <<2, 1>>, <<1, 1>>>>
/\ bal = <<<<0, 0>>, <<0, 0>>, <<0, 0>>>>
/\ postWaitingFlag = <<<<FALSE, FALSE>>, <<FALSE, FALSE>>, <<FALSE, FALSE>>>>
/\ dep = <<<<{}, {1}>>, <<{}, {}>>, <<{}, {}>>>>
/\ recoveryAttemptBal = <<<<0, 0>>, <<0, 0>>, <<0, 0>>>>
/\ Ivar = <<<<{}, {}>>, <<{}, {}>>, <<{}, {}>>>>
/\ submitted = {1, 2}
/\ cmd = <<<<1, 2>>, <<1, bottom>>, <<bottom, bottom>>>>
/\ initDep = <<<<{}, {1}>>, <<{}, {}>>, <<{}, {}>>>>
/\ msgs = { [type |-> 1, from |-> 1, to |-> 2, body |-> [id |-> 2, c |-> 2, D |-> {1}]],
  [type |-> 1, from |-> 1, to |-> 3, body |-> [id |-> 2, c |-> 2, D |-> {1}]],
  [type |-> 1, from |-> 2, to |-> 3, body |-> [id |-> 1, c |-> 1, D |-> {}]],
  [type |-> 2, from |-> 1, to |-> 1, body |-> [id |-> 2, Dq |-> {1}]],
  [type |-> 2, from |-> 1, to |-> 2, body |-> [id |-> 1, Dq |-> {}]],
  [type |-> 2, from |-> 2, to |-> 2, body |-> [id |-> 1, Dq |-> {}]] }
/\ initCmd = <<<<1, 2>>, <<1, bottom>>, <<bottom, bottom>>>>
/\ Qvar = <<<<{}, {}>>, <<{}, {}>>, <<{}, {}>>>>
/\ CardinalityRmax = <<<<0, 0>>, <<0, 0>>, <<0, 0>>>>
/\ recovered = <<<<0, 0>>, <<0, 0>>, <<0, 0>>>>
/\ initCoord = <<2, 1>>

State 5: <Next line 613, col 16 to line 618, col 36 of module EPaxosCommitWithRecovery>
/\ phase = <<<<2, 2>>, <<2, 2>>, <<1, 1>>>>
/\ bal = <<<<0, 0>>, <<0, 0>>, <<0, 0>>>>
/\ postWaitingFlag = <<<<FALSE, FALSE>>, <<FALSE, FALSE>>, <<FALSE, FALSE>>>>
/\ dep = <<<<{}, {1}>>, <<{}, {1}>>, <<{}, {}>>>>
/\ recoveryAttemptBal = <<<<0, 0>>, <<0, 0>>, <<0, 0>>>>
/\ Ivar = <<<<{}, {}>>, <<{}, {}>>, <<{}, {}>>>>
/\ submitted = {1, 2}
/\ cmd = <<<<1, 2>>, <<1, 2>>, <<bottom, bottom>>>>
/\ initDep = <<<<{}, {1}>>, <<{}, {1}>>, <<{}, {}>>>>
/\ msgs = { [type |-> 1, from |-> 1, to |-> 3, body |-> [id |-> 2, c |-> 2, D |-> {1}]],
  [type |-> 1, from |-> 2, to |-> 3, body |-> [id |-> 1, c |-> 1, D |-> {}]],
  [type |-> 2, from |-> 1, to |-> 1, body |-> [id |-> 2, Dq |-> {1}]],
  [type |-> 2, from |-> 1, to |-> 2, body |-> [id |-> 1, Dq |-> {}]],
  [type |-> 2, from |-> 2, to |-> 1, body |-> [id |-> 2, Dq |-> {1}]],
  [type |-> 2, from |-> 2, to |-> 2, body |-> [id |-> 1, Dq |-> {}]] }
/\ initCmd = <<<<1, 2>>, <<1, 2>>, <<bottom, bottom>>>>
/\ Qvar = <<<<{}, {}>>, <<{}, {}>>, <<{}, {}>>>>
/\ CardinalityRmax = <<<<0, 0>>, <<0, 0>>, <<0, 0>>>>
/\ recovered = <<<<0, 0>>, <<0, 0>>, <<0, 0>>>>
/\ initCoord = <<2, 1>>

State 6: <StartRecover line 321, col 5 to line 332, col 100 of module EPaxosCommitWithRecovery>
/\ phase = <<<<2, 2>>, <<2, 2>>, <<1, 1>>>>
/\ bal = <<<<1, 0>>, <<0, 0>>, <<0, 0>>>>
/\ postWaitingFlag = <<<<FALSE, FALSE>>, <<FALSE, FALSE>>, <<FALSE, FALSE>>>>
/\ dep = <<<<{}, {1}>>, <<{}, {1}>>, <<{}, {}>>>>
/\ recoveryAttemptBal = <<<<0, 0>>, <<0, 0>>, <<0, 0>>>>
/\ Ivar = <<<<{}, {}>>, <<{}, {}>>, <<{}, {}>>>>
/\ submitted = {1, 2}
/\ cmd = <<<<1, 2>>, <<1, 2>>, <<bottom, bottom>>>>
/\ initDep = <<<<{}, {1}>>, <<{}, {1}>>, <<{}, {}>>>>
/\ msgs = { [type |-> 1, from |-> 1, to |-> 3, body |-> [id |-> 2, c |-> 2, D |-> {1}]],
  [type |-> 1, from |-> 2, to |-> 3, body |-> [id |-> 1, c |-> 1, D |-> {}]],
  [type |-> 2, from |-> 1, to |-> 1, body |-> [id |-> 2, Dq |-> {1}]],
  [type |-> 2, from |-> 1, to |-> 2, body |-> [id |-> 1, Dq |-> {}]],
  [type |-> 2, from |-> 2, to |-> 1, body |-> [id |-> 2, Dq |-> {1}]],
  [type |-> 2, from |-> 2, to |-> 2, body |-> [id |-> 1, Dq |-> {}]],
  [type |-> 6, from |-> 1, to |-> 2, body |-> [id |-> 1, b |-> 1]],
  [type |-> 6, from |-> 1, to |-> 3, body |-> [id |-> 1, b |-> 1]],
  [ type |-> 7,
    from |-> 1,
    to |-> 1,
    body |->
        [ id |-> 1,
          b |-> 1,
          abalq |-> 0,
          cq |-> 1,
          depq |-> {},
          initDepq |-> {},
          phaseq |-> 2 ] ] }
/\ initCmd = <<<<1, 2>>, <<1, 2>>, <<bottom, bottom>>>>
/\ Qvar = <<<<{}, {}>>, <<{}, {}>>, <<{}, {}>>>>
/\ CardinalityRmax = <<<<0, 0>>, <<0, 0>>, <<0, 0>>>>
/\ recovered = <<<<1, 0>>, <<0, 0>>, <<0, 0>>>>
/\ initCoord = <<2, 1>>

State 7: <Next line 613, col 16 to line 618, col 36 of module EPaxosCommitWithRecovery>
/\ phase = <<<<2, 2>>, <<2, 2>>, <<1, 1>>>>
/\ bal = <<<<1, 0>>, <<0, 0>>, <<1, 0>>>>
/\ postWaitingFlag = <<<<FALSE, FALSE>>, <<FALSE, FALSE>>, <<FALSE, FALSE>>>>
/\ dep = <<<<{}, {1}>>, <<{}, {1}>>, <<{}, {}>>>>
/\ recoveryAttemptBal = <<<<0, 0>>, <<0, 0>>, <<0, 0>>>>
/\ Ivar = <<<<{}, {}>>, <<{}, {}>>, <<{}, {}>>>>
/\ submitted = {1, 2}
/\ cmd = <<<<1, 2>>, <<1, 2>>, <<bottom, bottom>>>>
/\ initDep = <<<<{}, {1}>>, <<{}, {1}>>, <<{}, {}>>>>
/\ msgs = { [type |-> 1, from |-> 1, to |-> 3, body |-> [id |-> 2, c |-> 2, D |-> {1}]],
  [type |-> 1, from |-> 2, to |-> 3, body |-> [id |-> 1, c |-> 1, D |-> {}]],
  [type |-> 2, from |-> 1, to |-> 1, body |-> [id |-> 2, Dq |-> {1}]],
  [type |-> 2, from |-> 1, to |-> 2, body |-> [id |-> 1, Dq |-> {}]],
  [type |-> 2, from |-> 2, to |-> 1, body |-> [id |-> 2, Dq |-> {1}]],
  [type |-> 2, from |-> 2, to |-> 2, body |-> [id |-> 1, Dq |-> {}]],
  [type |-> 6, from |-> 1, to |-> 2, body |-> [id |-> 1, b |-> 1]],
  [ type |-> 7,
    from |-> 1,
    to |-> 1,
    body |->
        [ id |-> 1,
          b |-> 1,
          abalq |-> 0,
          cq |-> 1,
          depq |-> {},
          initDepq |-> {},
          phaseq |-> 2 ] ],
  [ type |-> 7,
    from |-> 3,
    to |-> 1,
    body |->
        [ id |-> 1,
          b |-> 1,
          abalq |-> 0,
          cq |-> bottom,
          depq |-> {},
          initDepq |-> {},
          phaseq |-> 1 ] ] }
/\ initCmd = <<<<1, 2>>, <<1, 2>>, <<bottom, bottom>>>>
/\ Qvar = <<<<{}, {}>>, <<{}, {}>>, <<{}, {}>>>>
/\ CardinalityRmax = <<<<0, 0>>, <<0, 0>>, <<0, 0>>>>
/\ recovered = <<<<1, 0>>, <<0, 0>>, <<0, 0>>>>
/\ initCoord = <<2, 1>>

State 8: <HandlePreAcceptOK line 255, col 5 to line 277, col 139 of module EPaxosCommitWithRecovery>
/\ phase = <<<<2, 2>>, <<4, 2>>, <<1, 1>>>>
/\ bal = <<<<1, 0>>, <<0, 0>>, <<1, 0>>>>
/\ postWaitingFlag = <<<<FALSE, FALSE>>, <<FALSE, FALSE>>, <<FALSE, FALSE>>>>
/\ dep = <<<<{}, {1}>>, <<{}, {1}>>, <<{}, {}>>>>
/\ recoveryAttemptBal = <<<<0, 0>>, <<0, 0>>, <<0, 0>>>>
/\ Ivar = <<<<{}, {}>>, <<{}, {}>>, <<{}, {}>>>>
/\ submitted = {1, 2}
/\ cmd = <<<<1, 2>>, <<1, 2>>, <<bottom, bottom>>>>
/\ initDep = <<<<{}, {1}>>, <<{}, {1}>>, <<{}, {}>>>>
/\ msgs = { [type |-> 1, from |-> 1, to |-> 3, body |-> [id |-> 2, c |-> 2, D |-> {1}]],
  [type |-> 1, from |-> 2, to |-> 3, body |-> [id |-> 1, c |-> 1, D |-> {}]],
  [type |-> 2, from |-> 1, to |-> 1, body |-> [id |-> 2, Dq |-> {1}]],
  [type |-> 2, from |-> 2, to |-> 1, body |-> [id |-> 2, Dq |-> {1}]],
  [ type |-> 5,
    from |-> 2,
    to |-> 1,
    body |-> [id |-> 1, c |-> 1, D |-> {}, b |-> 0] ],
  [ type |-> 5,
    from |-> 2,
    to |-> 3,
    body |-> [id |-> 1, c |-> 1, D |-> {}, b |-> 0] ],
  [type |-> 6, from |-> 1, to |-> 2, body |-> [id |-> 1, b |-> 1]],
  [ type |-> 7,
    from |-> 1,
    to |-> 1,
    body |->
        [ id |-> 1,
          b |-> 1,
          abalq |-> 0,
          cq |-> 1,
          depq |-> {},
          initDepq |-> {},
          phaseq |-> 2 ] ],
  [ type |-> 7,
    from |-> 3,
    to |-> 1,
    body |->
        [ id |-> 1,
          b |-> 1,
          abalq |-> 0,
          cq |-> bottom,
          depq |-> {},
          initDepq |-> {},
          phaseq |-> 1 ] ] }
/\ initCmd = <<<<1, 2>>, <<1, 2>>, <<bottom, bottom>>>>
/\ Qvar = <<<<{}, {}>>, <<{}, {}>>, <<{}, {}>>>>
/\ CardinalityRmax = <<<<0, 0>>, <<0, 0>>, <<0, 0>>>>
/\ recovered = <<<<1, 0>>, <<0, 0>>, <<0, 0>>>>
/\ initCoord = <<2, 1>>

State 9: <StartRecover line 321, col 5 to line 332, col 100 of module EPaxosCommitWithRecovery>
/\ phase = <<<<2, 2>>, <<4, 2>>, <<1, 1>>>>
/\ bal = <<<<1, 0>>, <<0, 0>>, <<4, 0>>>>
/\ postWaitingFlag = <<<<FALSE, FALSE>>, <<FALSE, FALSE>>, <<FALSE, FALSE>>>>
/\ dep = <<<<{}, {1}>>, <<{}, {1}>>, <<{}, {}>>>>
/\ recoveryAttemptBal = <<<<0, 0>>, <<0, 0>>, <<0, 0>>>>
/\ Ivar = <<<<{}, {}>>, <<{}, {}>>, <<{}, {}>>>>
/\ submitted = {1, 2}
/\ cmd = <<<<1, 2>>, <<1, 2>>, <<bottom, bottom>>>>
/\ initDep = <<<<{}, {1}>>, <<{}, {1}>>, <<{}, {}>>>>
/\ msgs = { [type |-> 1, from |-> 1, to |-> 3, body |-> [id |-> 2, c |-> 2, D |-> {1}]],
  [type |-> 1, from |-> 2, to |-> 3, body |-> [id |-> 1, c |-> 1, D |-> {}]],
  [type |-> 2, from |-> 1, to |-> 1, body |-> [id |-> 2, Dq |-> {1}]],
  [type |-> 2, from |-> 2, to |-> 1, body |-> [id |-> 2, Dq |-> {1}]],
  [ type |-> 5,
    from |-> 2,
    to |-> 1,
    body |-> [id |-> 1, c |-> 1, D |-> {}, b |-> 0] ],
  [ type |-> 5,
    from |-> 2,
    to |-> 3,
    body |-> [id |-> 1, c |-> 1, D |-> {}, b |-> 0] ],
  [type |-> 6, from |-> 1, to |-> 2, body |-> [id |-> 1, b |-> 1]],
  [type |-> 6, from |-> 3, to |-> 1, body |-> [id |-> 1, b |-> 4]],
  [type |-> 6, from |-> 3, to |-> 2, body |-> [id |-> 1, b |-> 4]],
  [ type |-> 7,
    from |-> 1,
    to |-> 1,
    body |->
        [ id |-> 1,
          b |-> 1,
          abalq |-> 0,
          cq |-> 1,
          depq |-> {},
          initDepq |-> {},
          phaseq |-> 2 ] ],
  [ type |-> 7,
    from |-> 3,
    to |-> 1,
    body |->
        [ id |-> 1,
          b |-> 1,
          abalq |-> 0,
          cq |-> bottom,
          depq |-> {},
          initDepq |-> {},
          phaseq |-> 1 ] ],
  [ type |-> 7,
    from |-> 3,
    to |-> 3,
    body |->
        [ id |-> 1,
          b |-> 4,
          abalq |-> 1,
          cq |-> bottom,
          depq |-> {},
          initDepq |-> {},
          phaseq |-> 1 ] ] }
/\ initCmd = <<<<1, 2>>, <<1, 2>>, <<bottom, bottom>>>>
/\ Qvar = <<<<{}, {}>>, <<{}, {}>>, <<{}, {}>>>>
/\ CardinalityRmax = <<<<0, 0>>, <<0, 0>>, <<0, 0>>>>
/\ recovered = <<<<1, 0>>, <<0, 0>>, <<1, 0>>>>
/\ initCoord = <<2, 1>>

State 10: <Next line 613, col 16 to line 618, col 36 of module EPaxosCommitWithRecovery>
/\ phase = <<<<2, 2>>, <<4, 2>>, <<1, 1>>>>
/\ bal = <<<<1, 0>>, <<4, 0>>, <<4, 0>>>>
/\ postWaitingFlag = <<<<FALSE, FALSE>>, <<FALSE, FALSE>>, <<FALSE, FALSE>>>>
/\ dep = <<<<{}, {1}>>, <<{}, {1}>>, <<{}, {}>>>>
/\ recoveryAttemptBal = <<<<0, 0>>, <<0, 0>>, <<0, 0>>>>
/\ Ivar = <<<<{}, {}>>, <<{}, {}>>, <<{}, {}>>>>
/\ submitted = {1, 2}
/\ cmd = <<<<1, 2>>, <<1, 2>>, <<bottom, bottom>>>>
/\ initDep = <<<<{}, {1}>>, <<{}, {1}>>, <<{}, {}>>>>
/\ msgs = { [type |-> 1, from |-> 1, to |-> 3, body |-> [id |-> 2, c |-> 2, D |-> {1}]],
  [type |-> 1, from |-> 2, to |-> 3, body |-> [id |-> 1, c |-> 1, D |-> {}]],
  [type |-> 2, from |-> 1, to |-> 1, body |-> [id |-> 2, Dq |-> {1}]],
  [type |-> 2, from |-> 2, to |-> 1, body |-> [id |-> 2, Dq |-> {1}]],
  [ type |-> 5,
    from |-> 2,
    to |-> 1,
    body |-> [id |-> 1, c |-> 1, D |-> {}, b |-> 0] ],
  [ type |-> 5,
    from |-> 2,
    to |-> 3,
    body |-> [id |-> 1, c |-> 1, D |-> {}, b |-> 0] ],
  [type |-> 6, from |-> 1, to |-> 2, body |-> [id |-> 1, b |-> 1]],
  [type |-> 6, from |-> 3, to |-> 1, body |-> [id |-> 1, b |-> 4]],
  [ type |-> 7,
    from |-> 1,
    to |-> 1,
    body |->
        [ id |-> 1,
          b |-> 1,
          abalq |-> 0,
          cq |-> 1,
          depq |-> {},
          initDepq |-> {},
          phaseq |-> 2 ] ],
  [ type |-> 7,
    from |-> 2,
    to |-> 3,
    body |->
        [ id |-> 1,
          b |-> 4,
          abalq |-> 0,
          cq |-> 1,
          depq |-> {},
          initDepq |-> {},
          phaseq |-> 4 ] ],
  [ type |-> 7,
    from |-> 3,
    to |-> 1,
    body |->
        [ id |-> 1,
          b |-> 1,
          abalq |-> 0,
          cq |-> bottom,
          depq |-> {},
          initDepq |-> {},
          phaseq |-> 1 ] ],
  [ type |-> 7,
    from |-> 3,
    to |-> 3,
    body |->
        [ id |-> 1,
          b |-> 4,
          abalq |-> 1,
          cq |-> bottom,
          depq |-> {},
          initDepq |-> {},
          phaseq |-> 1 ] ] }
/\ initCmd = <<<<1, 2>>, <<1, 2>>, <<bottom, bottom>>>>
/\ Qvar = <<<<{}, {}>>, <<{}, {}>>, <<{}, {}>>>>
/\ CardinalityRmax = <<<<0, 0>>, <<0, 0>>, <<0, 0>>>>
/\ recovered = <<<<1, 0>>, <<0, 0>>, <<1, 0>>>>
/\ initCoord = <<2, 1>>

State 11: <HandleRecoverOK line 354, col 5 to line 427, col 76 of module EPaxosCommitWithRecovery>
/\ phase = <<<<2, 2>>, <<4, 2>>, <<3, 1>>>>
/\ bal = <<<<1, 0>>, <<4, 0>>, <<4, 0>>>>
/\ postWaitingFlag = <<<<FALSE, FALSE>>, <<FALSE, FALSE>>, <<FALSE, FALSE>>>>
/\ dep = <<<<{}, {1}>>, <<{}, {1}>>, <<{}, {}>>>>
/\ recoveryAttemptBal = <<<<0, 0>>, <<0, 0>>, <<0, 0>>>>
/\ Ivar = <<<<{}, {}>>, <<{}, {}>>, <<{}, {}>>>>
/\ submitted = {1, 2}
/\ cmd = <<<<1, 2>>, <<1, 2>>, <<0, bottom>>>>
/\ initDep = <<<<{}, {1}>>, <<{}, {1}>>, <<{}, {}>>>>
/\ msgs = { [type |-> 1, from |-> 1, to |-> 3, body |-> [id |-> 2, c |-> 2, D |-> {1}]],
  [type |-> 1, from |-> 2, to |-> 3, body |-> [id |-> 1, c |-> 1, D |-> {}]],
  [type |-> 2, from |-> 1, to |-> 1, body |-> [id |-> 2, Dq |-> {1}]],
  [type |-> 2, from |-> 2, to |-> 1, body |-> [id |-> 2, Dq |-> {1}]],
  [ type |-> 3,
    from |-> 3,
    to |-> 1,
    body |-> [id |-> 1, c |-> 0, D |-> {}, b |-> 4] ],
  [ type |-> 3,
    from |-> 3,
    to |-> 2,
    body |-> [id |-> 1, c |-> 0, D |-> {}, b |-> 4] ],
  [type |-> 4, from |-> 3, to |-> 3, body |-> [id |-> 1, b |-> 4]],
  [ type |-> 5,
    from |-> 2,
    to |-> 1,
    body |-> [id |-> 1, c |-> 1, D |-> {}, b |-> 0] ],
  [ type |-> 5,
    from |-> 2,
    to |-> 3,
    body |-> [id |-> 1, c |-> 1, D |-> {}, b |-> 0] ],
  [type |-> 6, from |-> 1, to |-> 2, body |-> [id |-> 1, b |-> 1]],
  [type |-> 6, from |-> 3, to |-> 1, body |-> [id |-> 1, b |-> 4]],
  [ type |-> 7,
    from |-> 1,
    to |-> 1,
    body |->
        [ id |-> 1,
          b |-> 1,
          abalq |-> 0,
          cq |-> 1,
          depq |-> {},
          initDepq |-> {},
          phaseq |-> 2 ] ],
  [ type |-> 7,
    from |-> 3,
    to |-> 1,
    body |->
        [ id |-> 1,
          b |-> 1,
          abalq |-> 0,
          cq |-> bottom,
          depq |-> {},
          initDepq |-> {},
          phaseq |-> 1 ] ] }
/\ initCmd = <<<<1, 2>>, <<1, 2>>, <<bottom, bottom>>>>
/\ Qvar = <<<<{}, {}>>, <<{}, {}>>, <<{}, {}>>>>
/\ CardinalityRmax = <<<<0, 0>>, <<0, 0>>, <<0, 0>>>>
/\ recovered = <<<<1, 0>>, <<0, 0>>, <<1, 0>>>>
/\ initCoord = <<2, 1>>

State 12: <Next line 613, col 16 to line 618, col 36 of module EPaxosCommitWithRecovery>
/\ phase = <<<<3, 2>>, <<4, 2>>, <<3, 1>>>>
/\ bal = <<<<4, 0>>, <<4, 0>>, <<4, 0>>>>
/\ postWaitingFlag = <<<<FALSE, FALSE>>, <<FALSE, FALSE>>, <<FALSE, FALSE>>>>
/\ dep = <<<<{}, {1}>>, <<{}, {1}>>, <<{}, {}>>>>
/\ recoveryAttemptBal = <<<<0, 0>>, <<0, 0>>, <<0, 0>>>>
/\ Ivar = <<<<{}, {}>>, <<{}, {}>>, <<{}, {}>>>>
/\ submitted = {1, 2}
/\ cmd = <<<<0, 2>>, <<1, 2>>, <<0, bottom>>>>
/\ initDep = <<<<{}, {1}>>, <<{}, {1}>>, <<{}, {}>>>>
/\ msgs = { [type |-> 1, from |-> 1, to |-> 3, body |-> [id |-> 2, c |-> 2, D |-> {1}]],
  [type |-> 1, from |-> 2, to |-> 3, body |-> [id |-> 1, c |-> 1, D |-> {}]],
  [type |-> 2, from |-> 1, to |-> 1, body |-> [id |-> 2, Dq |-> {1}]],
  [type |-> 2, from |-> 2, to |-> 1, body |-> [id |-> 2, Dq |-> {1}]],
  [ type |-> 3,
    from |-> 3,
    to |-> 2,
    body |-> [id |-> 1, c |-> 0, D |-> {}, b |-> 4] ],
  [type |-> 4, from |-> 1, to |-> 3, body |-> [id |-> 1, b |-> 4]],
  [type |-> 4, from |-> 3, to |-> 3, body |-> [id |-> 1, b |-> 4]],
  [ type |-> 5,
    from |-> 2,
    to |-> 1,
    body |-> [id |-> 1, c |-> 1, D |-> {}, b |-> 0] ],
  [ type |-> 5,
    from |-> 2,
    to |-> 3,
    body |-> [id |-> 1, c |-> 1, D |-> {}, b |-> 0] ],
  [type |-> 6, from |-> 1, to |-> 2, body |-> [id |-> 1, b |-> 1]],
  [type |-> 6, from |-> 3, to |-> 1, body |-> [id |-> 1, b |-> 4]],
  [ type |-> 7,
    from |-> 1,
    to |-> 1,
    body |->
        [ id |-> 1,
          b |-> 1,
          abalq |-> 0,
          cq |-> 1,
          depq |-> {},
          initDepq |-> {},
          phaseq |-> 2 ] ],
  [ type |-> 7,
    from |-> 3,
    to |-> 1,
    body |->
        [ id |-> 1,
          b |-> 1,
          abalq |-> 0,
          cq |-> bottom,
          depq |-> {},
          initDepq |-> {},
          phaseq |-> 1 ] ] }
/\ initCmd = <<<<1, 2>>, <<1, 2>>, <<bottom, bottom>>>>
/\ Qvar = <<<<{}, {}>>, <<{}, {}>>, <<{}, {}>>>>
/\ CardinalityRmax = <<<<0, 0>>, <<0, 0>>, <<0, 0>>>>
/\ recovered = <<<<1, 0>>, <<0, 0>>, <<1, 0>>>>
/\ initCoord = <<2, 1>>

State 13: <HandleAcceptOK line 293, col 5 to line 304, col 125 of module EPaxosCommitWithRecovery>
/\ phase = <<<<3, 2>>, <<4, 2>>, <<4, 1>>>>
/\ bal = <<<<4, 0>>, <<4, 0>>, <<4, 0>>>>
/\ postWaitingFlag = <<<<FALSE, FALSE>>, <<FALSE, FALSE>>, <<FALSE, FALSE>>>>
/\ dep = <<<<{}, {1}>>, <<{}, {1}>>, <<{}, {}>>>>
/\ recoveryAttemptBal = <<<<0, 0>>, <<0, 0>>, <<0, 0>>>>
/\ Ivar = <<<<{}, {}>>, <<{}, {}>>, <<{}, {}>>>>
/\ submitted = {1, 2}
/\ cmd = <<<<0, 2>>, <<1, 2>>, <<0, bottom>>>>
/\ initDep = <<<<{}, {1}>>, <<{}, {1}>>, <<{}, {}>>>>
/\ msgs = { [type |-> 1, from |-> 1, to |-> 3, body |-> [id |-> 2, c |-> 2, D |-> {1}]],
  [type |-> 1, from |-> 2, to |-> 3, body |-> [id |-> 1, c |-> 1, D |-> {}]],
  [type |-> 2, from |-> 1, to |-> 1, body |-> [id |-> 2, Dq |-> {1}]],
  [type |-> 2, from |-> 2, to |-> 1, body |-> [id |-> 2, Dq |-> {1}]],
  [ type |-> 3,
    from |-> 3,
    to |-> 2,
    body |-> [id |-> 1, c |-> 0, D |-> {}, b |-> 4] ],
  [ type |-> 5,
    from |-> 2,
    to |-> 1,
    body |-> [id |-> 1, c |-> 1, D |-> {}, b |-> 0] ],
  [ type |-> 5,
    from |-> 2,
    to |-> 3,
    body |-> [id |-> 1, c |-> 1, D |-> {}, b |-> 0] ],
  [ type |-> 5,
    from |-> 3,
    to |-> 1,
    body |-> [id |-> 1, c |-> 0, D |-> {}, b |-> 4] ],
  [ type |-> 5,
    from |-> 3,
    to |-> 2,
    body |-> [id |-> 1, c |-> 0, D |-> {}, b |-> 4] ],
  [type |-> 6, from |-> 1, to |-> 2, body |-> [id |-> 1, b |-> 1]],
  [type |-> 6, from |-> 3, to |-> 1, body |-> [id |-> 1, b |-> 4]],
  [ type |-> 7,
    from |-> 1,
    to |-> 1,
    body |->
        [ id |-> 1,
          b |-> 1,
          abalq |-> 0,
          cq |-> 1,
          depq |-> {},
          initDepq |-> {},
          phaseq |-> 2 ] ],
  [ type |-> 7,
    from |-> 3,
    to |-> 1,
    body |->
        [ id |-> 1,
          b |-> 1,
          abalq |-> 0,
          cq |-> bottom,
          depq |-> {},
          initDepq |-> {},
          phaseq |-> 1 ] ] }
/\ initCmd = <<<<1, 2>>, <<1, 2>>, <<bottom, bottom>>>>
/\ Qvar = <<<<{}, {}>>, <<{}, {}>>, <<{}, {}>>>>
/\ CardinalityRmax = <<<<0, 0>>, <<0, 0>>, <<0, 0>>>>
/\ recovered = <<<<1, 0>>, <<0, 0>>, <<1, 0>>>>
/\ initCoord = <<2, 1>>

10625081 states generated, 3934225 distinct states found, 2730790 states left on queue.
The depth of the complete state graph search is 14.
The average outdegree of the complete state graph is 3 (minimum is 0, the maximum 12 and the 95th percentile is 6).
