java -cp ../tla2tools.jar tlc2.TLC -workers 10 EPaxosCommitWithRecovery.tla
TLC2 Version 2.19 of 08 August 2024 (rev: 5a47802)
Warning: Please run the Java VM which executes TLC with a throughput optimized garbage collector by passing the "-XX:+UseParallelGC" property.
(Use the -nowarning option to disable this warning.)
Running breadth-first search Model-Checking with fp 112 and seed 429319750055023960 with 10 workers on 16 cores with 6020MB heap and 64MB offheap memory [pid: 65942] (Linux 6.12.73+deb13-amd64 amd64, Debian 21.0.10 x86_64, MSBDiskFPSet, DiskStateQueue).
Parsing file /home/alexandre.siret/Spec-EPaxos/CommitWithRecoverySpec/EPaxosCommitWithRecovery.tla
Parsing file /tmp/Naturals.tla
Parsing file /tmp/FiniteSets.tla
Parsing file /tmp/Sequences.tla
Parsing file /tmp/TLC.tla
Semantic processing of module Naturals
Semantic processing of module Sequences
Semantic processing of module FiniteSets
Semantic processing of module TLC
Semantic processing of module EPaxosCommitWithRecovery
Starting... (2026-02-27 11:28:39)
Computing initial states...
Finished computing initial states: 1 distinct state generated at 2026-02-27 11:28:40.
Progress(12) at 2026-02-27 11:28:43: 81,491 states generated (81,491 s/min), 33,692 distinct states found (33,692 ds/min), 17,194 states left on queue.
Progress(18) at 2026-02-27 11:29:43: 2,166,490 states generated (2,084,999 s/min), 828,314 distinct states found (794,622 ds/min), 314,648 states left on queue.
Progress(19) at 2026-02-27 11:30:43: 3,591,155 states generated (1,424,665 s/min), 1,360,797 distinct states found (532,483 ds/min), 479,452 states left on queue.
Progress(20) at 2026-02-27 11:31:43: 5,635,137 states generated (2,043,982 s/min), 2,122,649 distinct states found (761,852 ds/min), 690,578 states left on queue.
Progress(21) at 2026-02-27 11:32:43: 7,556,286 states generated (1,921,149 s/min), 2,835,355 distinct states found (712,706 ds/min), 868,708 states left on queue.
Progress(21) at 2026-02-27 11:33:43: 9,380,218 states generated (1,823,932 s/min), 3,515,290 distinct states found (679,935 ds/min), 1,025,060 states left on queue.
Progress(22) at 2026-02-27 11:34:43: 11,035,700 states generated (1,655,482 s/min), 4,128,787 distinct states found (613,497 ds/min), 1,149,119 states left on queue.
Progress(22) at 2026-02-27 11:35:43: 13,111,846 states generated (2,076,146 s/min), 4,899,740 distinct states found (770,953 ds/min), 1,298,000 states left on queue.
Progress(23) at 2026-02-27 11:36:43: 15,096,465 states generated (1,984,619 s/min), 5,637,020 distinct states found (737,280 ds/min), 1,418,309 states left on queue.
Progress(23) at 2026-02-27 11:37:43: 16,902,626 states generated (1,806,161 s/min), 6,308,765 distinct states found (671,745 ds/min), 1,529,546 states left on queue.
Progress(24) at 2026-02-27 11:38:43: 19,054,612 states generated (2,151,986 s/min), 7,103,387 distinct states found (794,622 ds/min), 1,632,255 states left on queue.
Progress(24) at 2026-02-27 11:39:43: 20,765,439 states generated (1,710,827 s/min), 7,742,364 distinct states found (638,977 ds/min), 1,717,508 states left on queue.
Progress(24) at 2026-02-27 11:40:43: 22,575,812 states generated (1,810,373 s/min), 8,412,243 distinct states found (669,879 ds/min), 1,792,184 states left on queue.
Progress(25) at 2026-02-27 11:41:43: 24,469,658 states generated (1,893,846 s/min), 9,118,619 distinct states found (706,376 ds/min), 1,854,549 states left on queue.
Progress(25) at 2026-02-27 11:42:43: 26,190,137 states generated (1,720,479 s/min), 9,757,596 distinct states found (638,977 ds/min), 1,916,073 states left on queue.
Progress(26) at 2026-02-27 11:43:43: 28,348,403 states generated (2,158,266 s/min), 10,560,409 distinct states found (802,813 ds/min), 1,970,954 states left on queue.
Progress(26) at 2026-02-27 11:44:43: 30,635,951 states generated (2,287,548 s/min), 11,412,378 distinct states found (851,969 ds/min), 2,013,061 states left on queue.
Progress(26) at 2026-02-27 11:45:43: 32,292,195 states generated (1,656,244 s/min), 12,027,818 distinct states found (615,440 ds/min), 2,049,122 states left on queue.
Progress(27) at 2026-02-27 11:46:43: 34,496,038 states generated (2,203,843 s/min), 12,845,980 distinct states found (818,162 ds/min), 2,063,777 states left on queue.
Progress(27) at 2026-02-27 11:47:43: 36,121,436 states generated (1,625,398 s/min), 13,452,186 distinct states found (606,206 ds/min), 2,066,036 states left on queue.
Progress(27) at 2026-02-27 11:48:43: 37,793,565 states generated (1,672,129 s/min), 14,075,647 distinct states found (623,461 ds/min), 2,080,013 states left on queue.
Progress(28) at 2026-02-27 11:49:43: 39,577,594 states generated (1,784,029 s/min), 14,738,333 distinct states found (662,686 ds/min), 2,062,055 states left on queue.
Progress(28) at 2026-02-27 11:50:43: 41,142,216 states generated (1,564,622 s/min), 15,319,964 distinct states found (581,631 ds/min), 2,031,963 states left on queue.
Progress(28) at 2026-02-27 11:51:43: 43,061,970 states generated (1,919,754 s/min), 16,032,667 distinct states found (712,703 ds/min), 2,018,928 states left on queue.
Progress(28) at 2026-02-27 11:52:43: 44,498,359 states generated (1,436,389 s/min), 16,565,146 distinct states found (532,479 ds/min), 1,981,886 states left on queue.
Progress(29) at 2026-02-27 11:53:43: 46,406,949 states generated (1,908,590 s/min), 17,269,661 distinct states found (704,515 ds/min), 1,908,467 states left on queue.
Progress(29) at 2026-02-27 11:54:43: 47,997,796 states generated (1,590,847 s/min), 17,859,481 distinct states found (589,820 ds/min), 1,873,857 states left on queue.
Progress(30) at 2026-02-27 11:55:43: 50,197,507 states generated (2,199,711 s/min), 18,665,976 distinct states found (806,495 ds/min), 1,768,714 states left on queue.
Progress(30) at 2026-02-27 11:56:43: 52,384,069 states generated (2,186,562 s/min), 19,473,306 distinct states found (807,330 ds/min), 1,663,078 states left on queue.
Progress(31) at 2026-02-27 11:57:43: 54,085,638 states generated (1,701,569 s/min), 20,095,899 distinct states found (622,593 ds/min), 1,556,248 states left on queue.
Checkpointing of run states/26-02-27-11-28-38
Checkpointing completed at (2026-02-27 11:58:45)
Progress(31) at 2026-02-27 11:58:45: 55,981,012 states generated (1,895,374 s/min), 20,792,218 distinct states found (696,319 ds/min), 1,424,962 states left on queue.
Progress(32) at 2026-02-27 11:59:45: 57,852,234 states generated (1,871,222 s/min), 21,480,347 distinct states found (688,129 ds/min), 1,267,498 states left on queue.
Progress(32) at 2026-02-27 12:00:45: 59,679,336 states generated (1,827,102 s/min), 22,143,897 distinct states found (663,550 ds/min), 1,094,558 states left on queue.
Progress(33) at 2026-02-27 12:01:45: 61,469,270 states generated (1,789,934 s/min), 22,791,067 distinct states found (647,170 ds/min), 878,741 states left on queue.
Progress(34) at 2026-02-27 12:02:45: 63,242,782 states generated (1,773,512 s/min), 23,413,659 distinct states found (622,592 ds/min), 623,940 states left on queue.
Progress(36) at 2026-02-27 12:03:45: 65,133,559 states generated (1,890,777 s/min), 24,060,825 distinct states found (647,166 ds/min), 271,893 states left on queue.
Model checking completed. No error has been found.
  Estimates of the probability that TLC did not check all reachable states
  because two distinct states had the same fingerprint:
  calculated (optimistic):  val = 5.5E-5
  based on the actual fingerprints:  val = 2.1E-4
66039482 states generated, 24334401 distinct states found, 0 states left on queue.
The depth of the complete state graph search is 37.
The average outdegree of the complete state graph is 1 (minimum is 0, the maximum 8 and the 95th percentile is 3).
Finished in 35min 58s at (2026-02-27 12:04:36)
